{"level":"error","message":"error error","stack":"Error: error\n    at C:\\Users\\Rachit\\Desktop\\node tuts\\vidly\\router\\genres.js:7:9\n    at newFn (C:\\Users\\Rachit\\Desktop\\node tuts\\vidly\\node_modules\\express-async-errors\\index.js:16:20)\n    at Layer.handle [as handle_request] (C:\\Users\\Rachit\\Desktop\\node tuts\\vidly\\node_modules\\express\\lib\\router\\layer.js:95:5)\n    at next (C:\\Users\\Rachit\\Desktop\\node tuts\\vidly\\node_modules\\express\\lib\\router\\route.js:137:13)\n    at Route.dispatch (C:\\Users\\Rachit\\Desktop\\node tuts\\vidly\\node_modules\\express\\lib\\router\\route.js:112:3)\n    at newFn (C:\\Users\\Rachit\\Desktop\\node tuts\\vidly\\node_modules\\express-async-errors\\index.js:16:20)\n    at Layer.handle [as handle_request] (C:\\Users\\Rachit\\Desktop\\node tuts\\vidly\\node_modules\\express\\lib\\router\\layer.js:95:5)\n    at C:\\Users\\Rachit\\Desktop\\node tuts\\vidly\\node_modules\\express\\lib\\router\\index.js:281:22\n    at Function.process_params (C:\\Users\\Rachit\\Desktop\\node tuts\\vidly\\node_modules\\express\\lib\\router\\index.js:335:12)\n    at next (C:\\Users\\Rachit\\Desktop\\node tuts\\vidly\\node_modules\\express\\lib\\router\\index.js:275:10)\n    at Function.handle (C:\\Users\\Rachit\\Desktop\\node tuts\\vidly\\node_modules\\express\\lib\\router\\index.js:174:3)\n    at router (C:\\Users\\Rachit\\Desktop\\node tuts\\vidly\\node_modules\\express\\lib\\router\\index.js:47:12)\n    at newFn (C:\\Users\\Rachit\\Desktop\\node tuts\\vidly\\node_modules\\express-async-errors\\index.js:16:20)\n    at Layer.handle [as handle_request] (C:\\Users\\Rachit\\Desktop\\node tuts\\vidly\\node_modules\\express\\lib\\router\\layer.js:95:5)\n    at trim_prefix (C:\\Users\\Rachit\\Desktop\\node tuts\\vidly\\node_modules\\express\\lib\\router\\index.js:317:13)\n    at C:\\Users\\Rachit\\Desktop\\node tuts\\vidly\\node_modules\\express\\lib\\router\\index.js:284:7"}
{"level":"error","message":"error error","stack":"Error: error\n    at C:\\Users\\Rachit\\Desktop\\node tuts\\vidly\\router\\genres.js:7:9\n    at newFn (C:\\Users\\Rachit\\Desktop\\node tuts\\vidly\\node_modules\\express-async-errors\\index.js:16:20)\n    at Layer.handle [as handle_request] (C:\\Users\\Rachit\\Desktop\\node tuts\\vidly\\node_modules\\express\\lib\\router\\layer.js:95:5)\n    at next (C:\\Users\\Rachit\\Desktop\\node tuts\\vidly\\node_modules\\express\\lib\\router\\route.js:137:13)\n    at Route.dispatch (C:\\Users\\Rachit\\Desktop\\node tuts\\vidly\\node_modules\\express\\lib\\router\\route.js:112:3)\n    at newFn (C:\\Users\\Rachit\\Desktop\\node tuts\\vidly\\node_modules\\express-async-errors\\index.js:16:20)\n    at Layer.handle [as handle_request] (C:\\Users\\Rachit\\Desktop\\node tuts\\vidly\\node_modules\\express\\lib\\router\\layer.js:95:5)\n    at C:\\Users\\Rachit\\Desktop\\node tuts\\vidly\\node_modules\\express\\lib\\router\\index.js:281:22\n    at Function.process_params (C:\\Users\\Rachit\\Desktop\\node tuts\\vidly\\node_modules\\express\\lib\\router\\index.js:335:12)\n    at next (C:\\Users\\Rachit\\Desktop\\node tuts\\vidly\\node_modules\\express\\lib\\router\\index.js:275:10)\n    at Function.handle (C:\\Users\\Rachit\\Desktop\\node tuts\\vidly\\node_modules\\express\\lib\\router\\index.js:174:3)\n    at router (C:\\Users\\Rachit\\Desktop\\node tuts\\vidly\\node_modules\\express\\lib\\router\\index.js:47:12)\n    at newFn (C:\\Users\\Rachit\\Desktop\\node tuts\\vidly\\node_modules\\express-async-errors\\index.js:16:20)\n    at Layer.handle [as handle_request] (C:\\Users\\Rachit\\Desktop\\node tuts\\vidly\\node_modules\\express\\lib\\router\\layer.js:95:5)\n    at trim_prefix (C:\\Users\\Rachit\\Desktop\\node tuts\\vidly\\node_modules\\express\\lib\\router\\index.js:317:13)\n    at C:\\Users\\Rachit\\Desktop\\node tuts\\vidly\\node_modules\\express\\lib\\router\\index.js:284:7"}
{"level":"error","message":"error error","stack":"Error: error\n    at C:\\Users\\Rachit\\Desktop\\node tuts\\vidly\\router\\genres.js:7:9\n    at newFn (C:\\Users\\Rachit\\Desktop\\node tuts\\vidly\\node_modules\\express-async-errors\\index.js:16:20)\n    at Layer.handle [as handle_request] (C:\\Users\\Rachit\\Desktop\\node tuts\\vidly\\node_modules\\express\\lib\\router\\layer.js:95:5)\n    at next (C:\\Users\\Rachit\\Desktop\\node tuts\\vidly\\node_modules\\express\\lib\\router\\route.js:137:13)\n    at Route.dispatch (C:\\Users\\Rachit\\Desktop\\node tuts\\vidly\\node_modules\\express\\lib\\router\\route.js:112:3)\n    at newFn (C:\\Users\\Rachit\\Desktop\\node tuts\\vidly\\node_modules\\express-async-errors\\index.js:16:20)\n    at Layer.handle [as handle_request] (C:\\Users\\Rachit\\Desktop\\node tuts\\vidly\\node_modules\\express\\lib\\router\\layer.js:95:5)\n    at C:\\Users\\Rachit\\Desktop\\node tuts\\vidly\\node_modules\\express\\lib\\router\\index.js:281:22\n    at Function.process_params (C:\\Users\\Rachit\\Desktop\\node tuts\\vidly\\node_modules\\express\\lib\\router\\index.js:335:12)\n    at next (C:\\Users\\Rachit\\Desktop\\node tuts\\vidly\\node_modules\\express\\lib\\router\\index.js:275:10)\n    at Function.handle (C:\\Users\\Rachit\\Desktop\\node tuts\\vidly\\node_modules\\express\\lib\\router\\index.js:174:3)\n    at router (C:\\Users\\Rachit\\Desktop\\node tuts\\vidly\\node_modules\\express\\lib\\router\\index.js:47:12)\n    at newFn (C:\\Users\\Rachit\\Desktop\\node tuts\\vidly\\node_modules\\express-async-errors\\index.js:16:20)\n    at Layer.handle [as handle_request] (C:\\Users\\Rachit\\Desktop\\node tuts\\vidly\\node_modules\\express\\lib\\router\\layer.js:95:5)\n    at trim_prefix (C:\\Users\\Rachit\\Desktop\\node tuts\\vidly\\node_modules\\express\\lib\\router\\index.js:317:13)\n    at C:\\Users\\Rachit\\Desktop\\node tuts\\vidly\\node_modules\\express\\lib\\router\\index.js:284:7"}
{"level":"error","message":"error 1 error 1","stack":"Error: error 1\n    at Object.<anonymous> (C:\\Users\\Rachit\\Desktop\\node tuts\\vidly\\index.js:34:7)\n    at Module._compile (internal/modules/cjs/loader.js:1068:30)\n    at Object.Module._extensions..js (internal/modules/cjs/loader.js:1097:10)\n    at Module.load (internal/modules/cjs/loader.js:933:32)\n    at Function.Module._load (internal/modules/cjs/loader.js:774:14)\n    at Function.executeUserEntryPoint [as runMain] (internal/modules/run_main.js:72:12)\n    at internal/main/run_main_module.js:17:47"}
{"message":"Server running on 5000","level":"info"}
{"message":"Connected to database","level":"info"}
{"message":"Server running on 5000","level":"info"}
{"message":"Connected to database","level":"info"}
{"message":"Server running on 5000","level":"info"}
{"message":"Connected to database","level":"info"}
{"message":"Server running on 5000","level":"info"}
{"message":"Connected to database","level":"info"}
{"message":"Server running on 5000","level":"info"}
{"message":"Connected to database","level":"info"}
{"message":"Server running on 5000","level":"info"}
{"message":"Connected to database","level":"info"}
{"message":"Server running on 5000","level":"info"}
{"message":"Connected to database","level":"info"}
{"message":"Server running on 5000","level":"info"}
{"message":"Connected to database","level":"info"}
{"message":"Connected to database","level":"info"}
{"message":"Server running on 5000","level":"info"}
{"message":"Connected to database","level":"info"}
{"message":"Connected to database","level":"info"}
{"message":"Connected to database","level":"info"}
{"message":"Connected to database","level":"info"}
{"message":"Connected to database","level":"info"}
{"message":"Connected to database","level":"info"}
{"message":"Connected to database","level":"info"}
{"message":"Server running on 5000","level":"info"}
{"message":"Connected to database mongodb://localhost/vidly","level":"info"}
{"message":"Server running on 5000","level":"info"}
{"message":"Connected to database mongodb://localhost/vidly_tests","level":"info"}
{"message":"Server running on 5000","level":"info"}
{"message":"Connected to database mongodb://localhost/vidly_tests","level":"info"}
{"message":"Server running on 5000","level":"info"}
{"message":"Connected to database mongodb://localhost/vidly_tests","level":"info"}
{"message":"Server running on 5000","level":"info"}
{"message":"Connected to database mongodb://localhost/vidly_tests","level":"info"}
{"message":"Server running on 5000","level":"info"}
{"message":"Connected to database mongodb://localhost/vidly_tests","level":"info"}
{"message":"Connected to database mongodb://localhost/vidly_tests","level":"info"}
{"message":"Connected to database mongodb://localhost/vidly_tests","level":"info"}
{"message":"Server running on 5000","level":"info"}
{"message":"Connected to database mongodb://localhost/vidly_tests","level":"info"}
{"message":"Server running on 5000","level":"info"}
{"message":"Connected to database mongodb://localhost/vidly_tests","level":"info"}
{"message":"Server running on 5000","level":"info"}
{"message":"Connected to database mongodb://localhost/vidly_tests","level":"info"}
{"message":"Server running on 5000","level":"info"}
{"message":"Connected to database mongodb://localhost/vidly_tests","level":"info"}
{"message":"Server running on 5000","level":"info"}
{"message":"Connected to database mongodb://localhost/vidly_tests","level":"info"}
{"message":"Server running on 5000","level":"info"}
{"message":"Connected to database mongodb://localhost/vidly_tests","level":"info"}
{"message":"Server running on 5000","level":"info"}
{"message":"Connected to database mongodb://localhost/vidly_tests","level":"info"}
{"message":"Server running on 5000","level":"info"}
{"message":"Connected to database mongodb://localhost/vidly_tests","level":"info"}
{"message":"Server running on 5000","level":"info"}
{"message":"Connected to database mongodb://localhost/vidly_tests","level":"info"}
{"message":"Server running on 5000","level":"info"}
{"message":"Connected to database mongodb://localhost/vidly_tests","level":"info"}
{"message":"Server running on 5000","level":"info"}
{"message":"Connected to database mongodb://localhost/vidly_tests","level":"info"}
{"message":"Server running on 5000","level":"info"}
{"message":"Connected to database mongodb://localhost/vidly_tests","level":"info"}
{"message":"Server running on 5000","level":"info"}
{"message":"Connected to database mongodb://localhost/vidly_tests","level":"info"}
{"message":"Server running on 5000","level":"info"}
{"message":"Connected to database mongodb://localhost/vidly_tests","level":"info"}
{"message":"Server running on 5000","level":"info"}
{"message":"Connected to database mongodb://localhost/vidly_tests","level":"info"}
{"message":"Server running on 5000","level":"info"}
{"message":"Connected to database mongodb://localhost/vidly_tests","level":"info"}
{"message":"Server running on 5000","level":"info"}
{"stringValue":"\"60ce3de8da3c7a342c413bfa\"","kind":"Number","value":"60ce3de8da3c7a342c413bfa","path":"_id","reason":{"generatedMessage":true,"code":"ERR_ASSERTION","actual":false,"expected":true,"operator":"=="},"valueType":"string","level":"error","message":"Cast to Number failed for value \"60ce3de8da3c7a342c413bfa\" (type string) at path \"_id\" for model \"Genre\" Cast to Number failed for value \"60ce3de8da3c7a342c413bfa\" (type string) at path \"_id\" for model \"Genre\"","stack":"CastError: Cast to Number failed for value \"60ce3de8da3c7a342c413bfa\" (type string) at path \"_id\" for model \"Genre\"\n    at model.Query.exec (C:\\Users\\Rachit\\Desktop\\node tuts\\vidly\\node_modules\\mongoose\\lib\\query.js:4478:21)\n    at model.Query.Object.<anonymous>.Query.then (C:\\Users\\Rachit\\Desktop\\node tuts\\vidly\\node_modules\\mongoose\\lib\\query.js:4572:15)\n    at processTicksAndRejections (internal/process/task_queues.js:95:5)"}
{"message":"Connected to database mongodb://localhost/vidly_tests","level":"info"}
{"message":"Server running on 5000","level":"info"}
{"stringValue":"\"60ce3dfd1d67e331380bea29\"","kind":"Number","value":"60ce3dfd1d67e331380bea29","path":"_id","reason":{"generatedMessage":true,"code":"ERR_ASSERTION","actual":false,"expected":true,"operator":"=="},"valueType":"string","level":"error","message":"Cast to Number failed for value \"60ce3dfd1d67e331380bea29\" (type string) at path \"_id\" for model \"Genre\" Cast to Number failed for value \"60ce3dfd1d67e331380bea29\" (type string) at path \"_id\" for model \"Genre\"","stack":"CastError: Cast to Number failed for value \"60ce3dfd1d67e331380bea29\" (type string) at path \"_id\" for model \"Genre\"\n    at model.Query.exec (C:\\Users\\Rachit\\Desktop\\node tuts\\vidly\\node_modules\\mongoose\\lib\\query.js:4478:21)\n    at model.Query.Object.<anonymous>.Query.then (C:\\Users\\Rachit\\Desktop\\node tuts\\vidly\\node_modules\\mongoose\\lib\\query.js:4572:15)\n    at processTicksAndRejections (internal/process/task_queues.js:95:5)"}
{"message":"Connected to database mongodb://localhost/vidly_tests","level":"info"}
{"message":"Connected to database mongodb://localhost/vidly_tests","level":"info"}
{"message":"Connected to database mongodb://localhost/vidly_tests","level":"info"}
{"message":"Connected to database mongodb://localhost/vidly_tests","level":"info"}
{"message":"Server running on 5000","level":"info"}
{"stringValue":"\"60ce3f4da3662a2eb06d9c8e\"","kind":"Number","value":"60ce3f4da3662a2eb06d9c8e","path":"_id","reason":{"generatedMessage":true,"code":"ERR_ASSERTION","actual":false,"expected":true,"operator":"=="},"valueType":"string","level":"error","message":"Cast to Number failed for value \"60ce3f4da3662a2eb06d9c8e\" (type string) at path \"_id\" for model \"Genre\" Cast to Number failed for value \"60ce3f4da3662a2eb06d9c8e\" (type string) at path \"_id\" for model \"Genre\"","stack":"CastError: Cast to Number failed for value \"60ce3f4da3662a2eb06d9c8e\" (type string) at path \"_id\" for model \"Genre\"\n    at model.Query.exec (C:\\Users\\Rachit\\Desktop\\node tuts\\vidly\\node_modules\\mongoose\\lib\\query.js:4478:21)\n    at model.Query.Object.<anonymous>.Query.then (C:\\Users\\Rachit\\Desktop\\node tuts\\vidly\\node_modules\\mongoose\\lib\\query.js:4572:15)\n    at processTicksAndRejections (internal/process/task_queues.js:95:5)"}
{"message":"Connected to database mongodb://localhost/vidly_tests","level":"info"}
{"message":"Server running on 5000","level":"info"}
{"message":"Connected to database mongodb://localhost/vidly_tests","level":"info"}
{"message":"Server running on 5000","level":"info"}
{"stringValue":"\"60ce403330d61d2dc0d7a0c6\"","kind":"Number","value":"60ce403330d61d2dc0d7a0c6","path":"_id","reason":{"generatedMessage":true,"code":"ERR_ASSERTION","actual":false,"expected":true,"operator":"=="},"valueType":"string","level":"error","message":"Cast to Number failed for value \"60ce403330d61d2dc0d7a0c6\" (type string) at path \"_id\" for model \"Genre\" Cast to Number failed for value \"60ce403330d61d2dc0d7a0c6\" (type string) at path \"_id\" for model \"Genre\"","stack":"CastError: Cast to Number failed for value \"60ce403330d61d2dc0d7a0c6\" (type string) at path \"_id\" for model \"Genre\"\n    at model.Query.exec (C:\\Users\\Rachit\\Desktop\\node tuts\\vidly\\node_modules\\mongoose\\lib\\query.js:4478:21)\n    at model.Query.Object.<anonymous>.Query.then (C:\\Users\\Rachit\\Desktop\\node tuts\\vidly\\node_modules\\mongoose\\lib\\query.js:4572:15)\n    at processTicksAndRejections (internal/process/task_queues.js:95:5)"}
{"message":"Connected to database mongodb://localhost/vidly_tests","level":"info"}
{"message":"Server running on 5000","level":"info"}
{"message":"Connected to database mongodb://localhost/vidly_tests","level":"info"}
{"message":"Server running on 5000","level":"info"}
{"message":"Connected to database mongodb://localhost/vidly_tests","level":"info"}
{"message":"Server running on 5000","level":"info"}
{"message":"Connected to database mongodb://localhost/vidly_tests","level":"info"}
{"message":"Server running on 5000","level":"info"}
